[0.055s] Invoking command in '/home/graham/ros2_ws/src/car_s/build/car_s': CMAKE_PREFIX_PATH=${CMAKE_PREFIX_PATH}:/opt/ros/jazzy DEBUGINFOD_URLS=https://debuginfod.ubuntu.com /usr/bin/cmake --build /home/graham/ros2_ws/src/car_s/build/car_s -- -j4 -l4
[0.458s] [ 50%] [32mBuilding CXX object CMakeFiles/car_s_controller.dir/src/pi_car_s_controller.cpp.o[0m
[11.432s] [01m[K/home/graham/ros2_ws/src/car_s/src/pi_car_s_controller.cpp:91:9:[m[K [01;31m[Kerror: [m[Kâ€˜[01m[KTimer[m[Kâ€™ in namespace â€˜[01m[Krclcpp[m[Kâ€™ does not name a type; did you mean â€˜[01m[KTime[m[Kâ€™?
[11.432s]    91 | rclcpp::[01;31m[KTimer[m[K message_timeout;    // Timer for stop motors if no message
[11.432s]       |         [01;31m[K^~~~~[m[K
[11.432s]       |         [32m[KTime[m[K
[11.433s] [01m[K/home/graham/ros2_ws/src/car_s/src/pi_car_s_controller.cpp:92:19:[m[K [01;31m[Kerror: [m[Kclass template argument deduction failed:
[11.437s]    92 | rclcpp::Publisher [01;31m[Kodom_pub[m[K;
[11.438s]       |                   [01;31m[K^~~~~~~~[m[K
[11.438s] [01m[K/home/graham/ros2_ws/src/car_s/src/pi_car_s_controller.cpp:92:19:[m[K [01;31m[Kerror: [m[Kno matching function for call to â€˜[01m[KPublisher()[m[Kâ€™
[11.448s] In file included from [01m[K/opt/ros/jazzy/include/rclcpp/rclcpp/topic_statistics/subscription_topic_statistics.hpp:31[m[K,
[11.449s]                  from [01m[K/opt/ros/jazzy/include/rclcpp/rclcpp/subscription.hpp:50[m[K,
[11.450s]                  from [01m[K/opt/ros/jazzy/include/rclcpp/rclcpp/any_executable.hpp:25[m[K,
[11.450s]                  from [01m[K/opt/ros/jazzy/include/rclcpp/rclcpp/memory_strategy.hpp:25[m[K,
[11.450s]                  from [01m[K/opt/ros/jazzy/include/rclcpp/rclcpp/memory_strategies.hpp:18[m[K,
[11.462s]                  from [01m[K/opt/ros/jazzy/include/rclcpp/rclcpp/executor_options.hpp:22[m[K,
[11.464s]                  from [01m[K/opt/ros/jazzy/include/rclcpp/rclcpp/executor.hpp:38[m[K,
[11.480s]                  from [01m[K/opt/ros/jazzy/include/rclcpp/rclcpp/executors/multi_threaded_executor.hpp:25[m[K,
[11.486s]                  from [01m[K/opt/ros/jazzy/include/rclcpp/rclcpp/executors.hpp:21[m[K,
[11.487s]                  from [01m[K/opt/ros/jazzy/include/rclcpp/rclcpp/rclcpp.hpp:172[m[K,
[11.489s]                  from [01m[K/home/graham/ros2_ws/src/car_s/src/pi_car_s_controller.cpp:29[m[K:
[11.490s] [01m[K/opt/ros/jazzy/include/rclcpp/rclcpp/publisher.hpp:134:3:[m[K [01;36m[Knote: [m[Kcandidate: â€˜[01m[Ktemplate<class MessageT, class AllocatorT> [01;32m[KPublisher[m[K(rclcpp::node_interfaces::NodeBaseInterface*, const std::string&, const rclcpp::QoS&, const rclcpp::PublisherOptionsWithAllocator<AllocatorT>&)-> rclcpp::Publisher<MessageT, AllocatorT>[m[Kâ€™
[11.491s]   134 |   [01;36m[KPublisher[m[K(
[11.493s]       |   [01;36m[K^~~~~~~~~[m[K
[11.495s] [01m[K/opt/ros/jazzy/include/rclcpp/rclcpp/publisher.hpp:134:3:[m[K [01;36m[Knote: [m[K  template argument deduction/substitution failed:
[11.495s] [01m[K/home/graham/ros2_ws/src/car_s/src/pi_car_s_controller.cpp:92:19:[m[K [01;36m[Knote: [m[K  candidate expects 4 arguments, 0 provided
[11.496s]    92 | rclcpp::Publisher [01;36m[Kodom_pub[m[K;
[11.496s]       |                   [01;36m[K^~~~~~~~[m[K
[11.497s] [01m[K/opt/ros/jazzy/include/rclcpp/rclcpp/publisher.hpp:80:7:[m[K [01;36m[Knote: [m[Kcandidate: â€˜[01m[Ktemplate<class MessageT, class AllocatorT> [01;32m[KPublisher[m[K(rclcpp::Publisher<MessageT, AllocatorT>)-> rclcpp::Publisher<MessageT, AllocatorT>[m[Kâ€™
[11.497s]    80 | class [01;36m[KPublisher[m[K : public PublisherBase
[11.499s]       |       [01;36m[K^~~~~~~~~[m[K
[11.499s] [01m[K/opt/ros/jazzy/include/rclcpp/rclcpp/publisher.hpp:80:7:[m[K [01;36m[Knote: [m[K  template argument deduction/substitution failed:
[11.499s] [01m[K/home/graham/ros2_ws/src/car_s/src/pi_car_s_controller.cpp:92:19:[m[K [01;36m[Knote: [m[K  candidate expects 1 argument, 0 provided
[11.499s]    92 | rclcpp::Publisher [01;36m[Kodom_pub[m[K;
[11.500s]       |                   [01;36m[K^~~~~~~~[m[K
[11.500s] [01m[K/home/graham/ros2_ws/src/car_s/src/pi_car_s_controller.cpp:93:19:[m[K [01;31m[Kerror: [m[Kclass template argument deduction failed:
[11.500s]    93 | rclcpp::Publisher [01;31m[Kleft_speed_pub[m[K;
[11.500s]       |                   [01;31m[K^~~~~~~~~~~~~~[m[K
[11.500s] [01m[K/home/graham/ros2_ws/src/car_s/src/pi_car_s_controller.cpp:93:19:[m[K [01;31m[Kerror: [m[Kno matching function for call to â€˜[01m[KPublisher()[m[Kâ€™
[11.500s] [01m[K/opt/ros/jazzy/include/rclcpp/rclcpp/publisher.hpp:134:3:[m[K [01;36m[Knote: [m[Kcandidate: â€˜[01m[Ktemplate<class MessageT, class AllocatorT> [01;32m[KPublisher[m[K(rclcpp::node_interfaces::NodeBaseInterface*, const std::string&, const rclcpp::QoS&, const rclcpp::PublisherOptionsWithAllocator<AllocatorT>&)-> rclcpp::Publisher<MessageT, AllocatorT>[m[Kâ€™
[11.501s]   134 |   [01;36m[KPublisher[m[K(
[11.501s]       |   [01;36m[K^~~~~~~~~[m[K
[11.502s] [01m[K/opt/ros/jazzy/include/rclcpp/rclcpp/publisher.hpp:134:3:[m[K [01;36m[Knote: [m[K  template argument deduction/substitution failed:
[11.502s] [01m[K/home/graham/ros2_ws/src/car_s/src/pi_car_s_controller.cpp:93:19:[m[K [01;36m[Knote: [m[K  candidate expects 4 arguments, 0 provided
[11.502s]    93 | rclcpp::Publisher [01;36m[Kleft_speed_pub[m[K;
[11.502s]       |                   [01;36m[K^~~~~~~~~~~~~~[m[K
[11.502s] [01m[K/opt/ros/jazzy/include/rclcpp/rclcpp/publisher.hpp:80:7:[m[K [01;36m[Knote: [m[Kcandidate: â€˜[01m[Ktemplate<class MessageT, class AllocatorT> [01;32m[KPublisher[m[K(rclcpp::Publisher<MessageT, AllocatorT>)-> rclcpp::Publisher<MessageT, AllocatorT>[m[Kâ€™
[11.504s]    80 | class [01;36m[KPublisher[m[K : public PublisherBase
[11.504s]       |       [01;36m[K^~~~~~~~~[m[K
[11.505s] [01m[K/opt/ros/jazzy/include/rclcpp/rclcpp/publisher.hpp:80:7:[m[K [01;36m[Knote: [m[K  template argument deduction/substitution failed:
[11.505s] [01m[K/home/graham/ros2_ws/src/car_s/src/pi_car_s_controller.cpp:93:19:[m[K [01;36m[Knote: [m[K  candidate expects 1 argument, 0 provided
[11.506s]    93 | rclcpp::Publisher [01;36m[Kleft_speed_pub[m[K;
[11.506s]       |                   [01;36m[K^~~~~~~~~~~~~~[m[K
[11.506s] [01m[K/home/graham/ros2_ws/src/car_s/src/pi_car_s_controller.cpp:94:19:[m[K [01;31m[Kerror: [m[Kclass template argument deduction failed:
[11.507s]    94 | rclcpp::Publisher [01;31m[Kright_speed_pub[m[K;
[11.507s]       |                   [01;31m[K^~~~~~~~~~~~~~~[m[K
[11.507s] [01m[K/home/graham/ros2_ws/src/car_s/src/pi_car_s_controller.cpp:94:19:[m[K [01;31m[Kerror: [m[Kno matching function for call to â€˜[01m[KPublisher()[m[Kâ€™
[11.508s] [01m[K/opt/ros/jazzy/include/rclcpp/rclcpp/publisher.hpp:134:3:[m[K [01;36m[Knote: [m[Kcandidate: â€˜[01m[Ktemplate<class MessageT, class AllocatorT> [01;32m[KPublisher[m[K(rclcpp::node_interfaces::NodeBaseInterface*, const std::string&, const rclcpp::QoS&, const rclcpp::PublisherOptionsWithAllocator<AllocatorT>&)-> rclcpp::Publisher<MessageT, AllocatorT>[m[Kâ€™
[11.508s]   134 |   [01;36m[KPublisher[m[K(
[11.508s]       |   [01;36m[K^~~~~~~~~[m[K
[11.509s] [01m[K/opt/ros/jazzy/include/rclcpp/rclcpp/publisher.hpp:134:3:[m[K [01;36m[Knote: [m[K  template argument deduction/substitution failed:
[11.510s] [01m[K/home/graham/ros2_ws/src/car_s/src/pi_car_s_controller.cpp:94:19:[m[K [01;36m[Knote: [m[K  candidate expects 4 arguments, 0 provided
[11.510s]    94 | rclcpp::Publisher [01;36m[Kright_speed_pub[m[K;
[11.510s]       |                   [01;36m[K^~~~~~~~~~~~~~~[m[K
[11.510s] [01m[K/opt/ros/jazzy/include/rclcpp/rclcpp/publisher.hpp:80:7:[m[K [01;36m[Knote: [m[Kcandidate: â€˜[01m[Ktemplate<class MessageT, class AllocatorT> [01;32m[KPublisher[m[K(rclcpp::Publisher<MessageT, AllocatorT>)-> rclcpp::Publisher<MessageT, AllocatorT>[m[Kâ€™
[11.511s]    80 | class [01;36m[KPublisher[m[K : public PublisherBase
[11.511s]       |       [01;36m[K^~~~~~~~~[m[K
[11.511s] [01m[K/opt/ros/jazzy/include/rclcpp/rclcpp/publisher.hpp:80:7:[m[K [01;36m[Knote: [m[K  template argument deduction/substitution failed:
[11.511s] [01m[K/home/graham/ros2_ws/src/car_s/src/pi_car_s_controller.cpp:94:19:[m[K [01;36m[Knote: [m[K  candidate expects 1 argument, 0 provided
[11.511s]    94 | rclcpp::Publisher [01;36m[Kright_speed_pub[m[K;
[11.511s]       |                   [01;36m[K^~~~~~~~~~~~~~~[m[K
[11.515s] [01m[K/home/graham/ros2_ws/src/car_s/src/pi_car_s_controller.cpp:95:19:[m[K [01;31m[Kerror: [m[Kclass template argument deduction failed:
[11.515s]    95 | rclcpp::Publisher [01;31m[Kangle_pub[m[K;
[11.515s]       |                   [01;31m[K^~~~~~~~~[m[K
[11.516s] [01m[K/home/graham/ros2_ws/src/car_s/src/pi_car_s_controller.cpp:95:19:[m[K [01;31m[Kerror: [m[Kno matching function for call to â€˜[01m[KPublisher()[m[Kâ€™
[11.516s] [01m[K/opt/ros/jazzy/include/rclcpp/rclcpp/publisher.hpp:134:3:[m[K [01;36m[Knote: [m[Kcandidate: â€˜[01m[Ktemplate<class MessageT, class AllocatorT> [01;32m[KPublisher[m[K(rclcpp::node_interfaces::NodeBaseInterface*, const std::string&, const rclcpp::QoS&, const rclcpp::PublisherOptionsWithAllocator<AllocatorT>&)-> rclcpp::Publisher<MessageT, AllocatorT>[m[Kâ€™
[11.516s]   134 |   [01;36m[KPublisher[m[K(
[11.516s]       |   [01;36m[K^~~~~~~~~[m[K
[11.517s] [01m[K/opt/ros/jazzy/include/rclcpp/rclcpp/publisher.hpp:134:3:[m[K [01;36m[Knote: [m[K  template argument deduction/substitution failed:
[11.517s] [01m[K/home/graham/ros2_ws/src/car_s/src/pi_car_s_controller.cpp:95:19:[m[K [01;36m[Knote: [m[K  candidate expects 4 arguments, 0 provided
[11.517s]    95 | rclcpp::Publisher [01;36m[Kangle_pub[m[K;
[11.517s]       |                   [01;36m[K^~~~~~~~~[m[K
[11.517s] [01m[K/opt/ros/jazzy/include/rclcpp/rclcpp/publisher.hpp:80:7:[m[K [01;36m[Knote: [m[Kcandidate: â€˜[01m[Ktemplate<class MessageT, class AllocatorT> [01;32m[KPublisher[m[K(rclcpp::Publisher<MessageT, AllocatorT>)-> rclcpp::Publisher<MessageT, AllocatorT>[m[Kâ€™
[11.517s]    80 | class [01;36m[KPublisher[m[K : public PublisherBase
[11.518s]       |       [01;36m[K^~~~~~~~~[m[K
[11.518s] [01m[K/opt/ros/jazzy/include/rclcpp/rclcpp/publisher.hpp:80:7:[m[K [01;36m[Knote: [m[K  template argument deduction/substitution failed:
[11.518s] [01m[K/home/graham/ros2_ws/src/car_s/src/pi_car_s_controller.cpp:95:19:[m[K [01;36m[Knote: [m[K  candidate expects 1 argument, 0 provided
[11.518s]    95 | rclcpp::Publisher [01;36m[Kangle_pub[m[K;
[11.519s]       |                   [01;36m[K^~~~~~~~~[m[K
[11.519s] [01m[K/home/graham/ros2_ws/src/car_s/src/pi_car_s_controller.cpp:96:1:[m[K [01;31m[Kerror: [m[Kâ€˜[01m[Ktf[m[Kâ€™ does not name a type; did you mean â€˜[01m[Ktm[m[Kâ€™?
[11.519s]    96 | [01;31m[Ktf[m[K::TransformBroadcaster *odom_broadcaster;
[11.519s]       | [01;31m[K^~[m[K
[11.519s]       | [32m[Ktm[m[K
[11.519s] [01m[K/home/graham/ros2_ws/src/car_s/src/pi_car_s_controller.cpp:[m[K In function â€˜[01m[Kvoid[01;32m[K sigintHandler[m[K(int)[m[Kâ€™:
[11.519s] [01m[K/home/graham/ros2_ws/src/car_s/src/pi_car_s_controller.cpp:120:24:[m[K [01;35m[Kwarning: [m[Kunused parameter â€˜[01m[Ksig[m[Kâ€™ [[01;35m[K]8;;https://gcc.gnu.org/onlinedocs/gcc/Warning-Options.html#index-Wunused-parameter-Wunused-parameter]8;;[m[K]
[11.521s]   120 | void sigintHandler([01;35m[Kint sig[m[K) {
[11.522s]       |                    [01;35m[K~~~~^~~[m[K
[11.522s] In file included from [01m[K/opt/ros/jazzy/include/rclcpp/rclcpp/copy_all_parameter_values.hpp:27[m[K,
[11.522s]                  from [01m[K/opt/ros/jazzy/include/rclcpp/rclcpp/rclcpp.hpp:171[m[K:
[11.524s] [01m[K/home/graham/ros2_ws/src/car_s/src/pi_car_s_controller.cpp:[m[K In function â€˜[01m[Kvoid[01;32m[K set_substep[m[K(int)[m[Kâ€™:
[11.527s] [01m[K/home/graham/ros2_ws/src/car_s/src/pi_car_s_controller.cpp:133:9:[m[K [01;31m[Kerror: [m[Kstatic assertion failed: First argument to logging macros must be an rclcpp::Logger
[11.527s]   133 |         [01;31m[KRCLCPP_INFO[m[K("substeps set to %i",steps);
[11.527s]       |         [01;31m[K^~~~~~~~~~~[m[K
[11.527s] In file included from [01m[K/opt/ros/jazzy/include/rclcpp/rclcpp/logging.hpp:24[m[K:
[11.528s] [01m[K/home/graham/ros2_ws/src/car_s/src/pi_car_s_controller.cpp:133:9:[m[K [01;31m[Kerror: [m[Krequest for member â€˜[01m[Kget_name[m[Kâ€™ in â€˜[01m[K("substeps set to %i")[m[Kâ€™, which is of non-class type â€˜[01m[Kconst char [19][m[Kâ€™
[11.528s]   133 |         [01;31m[KRCLCPP_INFO[m[K("substeps set to %i",steps);
[11.528s]       |         [01;31m[K^~~~~~~~~~~[m[K
[11.528s] [01m[K/home/graham/ros2_ws/src/car_s/src/pi_car_s_controller.cpp:133:9:[m[K [01;31m[Kerror: [m[Krequest for member â€˜[01m[Kget_name[m[Kâ€™ in â€˜[01m[K("substeps set to %i")[m[Kâ€™, which is of non-class type â€˜[01m[Kconst char [19][m[Kâ€™
[11.528s]   133 |         [01;31m[KRCLCPP_INFO[m[K("substeps set to %i",steps);
[11.528s]       |         [01;31m[K^~~~~~~~~~~[m[K
[11.529s] [01m[K/home/graham/ros2_ws/src/car_s/src/pi_car_s_controller.cpp:[m[K In function â€˜[01m[Kvoid[01;32m[K motor_control[m[K(float, float)[m[Kâ€™:
[11.529s] [01m[K/home/graham/ros2_ws/src/car_s/src/pi_car_s_controller.cpp:152:9:[m[K [01;31m[Kerror: [m[Kstatic assertion failed: First argument to logging macros must be an rclcpp::Logger
[11.529s]   152 |         [01;31m[KRCLCPP_INFO[m[K("In motor control, speed %f, turn %f", speed, turn);
[11.529s]       |         [01;31m[K^~~~~~~~~~~[m[K
[11.529s] [01m[K/home/graham/ros2_ws/src/car_s/src/pi_car_s_controller.cpp:152:9:[m[K [01;31m[Kerror: [m[Krequest for member â€˜[01m[Kget_name[m[Kâ€™ in â€˜[01m[K("In motor control, speed %f, turn %f")[m[Kâ€™, which is of non-class type â€˜[01m[Kconst char [36][m[Kâ€™
[11.530s]   152 |         [01;31m[KRCLCPP_INFO[m[K("In motor control, speed %f, turn %f", speed, turn);
[11.530s]       |         [01;31m[K^~~~~~~~~~~[m[K
[11.531s] [01m[K/home/graham/ros2_ws/src/car_s/src/pi_car_s_controller.cpp:152:9:[m[K [01;31m[Kerror: [m[Krequest for member â€˜[01m[Kget_name[m[Kâ€™ in â€˜[01m[K("In motor control, speed %f, turn %f")[m[Kâ€™, which is of non-class type â€˜[01m[Kconst char [36][m[Kâ€™
[11.531s]   152 |         [01;31m[KRCLCPP_INFO[m[K("In motor control, speed %f, turn %f", speed, turn);
[11.531s]       |         [01;31m[K^~~~~~~~~~~[m[K
[11.531s] [01m[K/home/graham/ros2_ws/src/car_s/src/pi_car_s_controller.cpp:175:9:[m[K [01;31m[Kerror: [m[Kstatic assertion failed: First argument to logging macros must be an rclcpp::Logger
[11.532s]   175 |         [01;31m[KRCLCPP_INFO[m[K("Left v %f, right speed %f", left_velocity,right_velocity);
[11.532s]       |         [01;31m[K^~~~~~~~~~~[m[K
[11.532s] [01m[K/home/graham/ros2_ws/src/car_s/src/pi_car_s_controller.cpp:175:9:[m[K [01;31m[Kerror: [m[Krequest for member â€˜[01m[Kget_name[m[Kâ€™ in â€˜[01m[K("Left v %f, right speed %f")[m[Kâ€™, which is of non-class type â€˜[01m[Kconst char [26][m[Kâ€™
[11.532s]   175 |         [01;31m[KRCLCPP_INFO[m[K("Left v %f, right speed %f", left_velocity,right_velocity);
[11.532s]       |         [01;31m[K^~~~~~~~~~~[m[K
[11.532s] [01m[K/home/graham/ros2_ws/src/car_s/src/pi_car_s_controller.cpp:175:9:[m[K [01;31m[Kerror: [m[Krequest for member â€˜[01m[Kget_name[m[Kâ€™ in â€˜[01m[K("Left v %f, right speed %f")[m[Kâ€™, which is of non-class type â€˜[01m[Kconst char [26][m[Kâ€™
[11.533s]   175 |         [01;31m[KRCLCPP_INFO[m[K("Left v %f, right speed %f", left_velocity,right_velocity);
[11.542s]       |         [01;31m[K^~~~~~~~~~~[m[K
[11.543s] [01m[K/home/graham/ros2_ws/src/car_s/src/pi_car_s_controller.cpp:[m[K At global scope:
[11.544s] [01m[K/home/graham/ros2_ws/src/car_s/src/pi_car_s_controller.cpp:203:46:[m[K [01;31m[Kerror: [m[Kâ€˜[01m[KTimerEvent[m[Kâ€™ in namespace â€˜[01m[Krclcpp[m[Kâ€™ does not name a type
[11.544s]   203 | void message_timeout_callback (const rclcpp::[01;31m[KTimerEvent[m[K&){
[11.554s]       |                                              [01;31m[K^~~~~~~~~~[m[K
[11.555s] [01m[K/home/graham/ros2_ws/src/car_s/src/pi_car_s_controller.cpp:[m[K In function â€˜[01m[Kvoid[01;32m[K message_timeout_callback[m[K(const int&)[m[Kâ€™:
[11.555s] [01m[K/home/graham/ros2_ws/src/car_s/src/pi_car_s_controller.cpp:207:17:[m[K [01;31m[Kerror: [m[Kâ€˜[01m[Kmessage_timeout[m[Kâ€™ was not declared in this scope
[11.556s]   207 |                 [01;31m[Kmessage_timeout[m[K.setPeriod(rclcpp::Duration(MESSAGE_TIMOUT),true);    // reset no message timeout
[11.566s]       |                 [01;31m[K^~~~~~~~~~~~~~~[m[K
[11.566s] [01m[K/home/graham/ros2_ws/src/car_s/src/pi_car_s_controller.cpp:207:74:[m[K [01;31m[Kerror: [m[Kno matching function for call to â€˜[01m[Krclcpp::Duration::Duration(double)[m[Kâ€™
[11.567s]   207 |                 message_timeout.setPeriod(rclcpp::Duration(MESSAGE_TIMOUT[01;31m[K)[m[K,true);    // reset no message timeout
[11.568s]       |                                                                          [01;31m[K^[m[K
[11.568s] In file included from [01m[K/opt/ros/jazzy/include/rclcpp/rclcpp/time.hpp:24[m[K,
[11.568s]                  from [01m[K/opt/ros/jazzy/include/rclcpp/rclcpp/clock.hpp:24[m[K,
[11.568s]                  from [01m[K/opt/ros/jazzy/include/rclcpp/rclcpp/client.hpp:38[m[K,
[11.569s]                  from [01m[K/opt/ros/jazzy/include/rclcpp/rclcpp/callback_group.hpp:24[m[K,
[11.569s]                  from [01m[K/opt/ros/jazzy/include/rclcpp/rclcpp/any_executable.hpp:20[m[K:
[11.569s] [01m[K/opt/ros/jazzy/include/rclcpp/rclcpp/duration.hpp:49:3:[m[K [01;36m[Knote: [m[Kcandidate: â€˜[01m[Ktemplate<class Rep, class Period> rclcpp::Duration::[01;32m[KDuration[m[K(const std::chrono::duration<_Rep1, _Period1>&)[m[Kâ€™
[11.569s]    49 |   [01;36m[KDuration[m[K(const std::chrono::duration<Rep, Period> & duration)  // NOLINT(runtime/explicit)
[11.574s]       |   [01;36m[K^~~~~~~~[m[K
[11.574s] [01m[K/opt/ros/jazzy/include/rclcpp/rclcpp/duration.hpp:49:3:[m[K [01;36m[Knote: [m[K  template argument deduction/substitution failed:
[11.575s] [01m[K/home/graham/ros2_ws/src/car_s/src/pi_car_s_controller.cpp:207:74:[m[K [01;36m[Knote: [m[K  mismatched types â€˜[01m[Kconst std::chrono::duration<_Rep1, _Period1>[m[Kâ€™ and â€˜[01m[Kdouble[m[Kâ€™
[11.575s]   207 |                 message_timeout.setPeriod(rclcpp::Duration(MESSAGE_TIMOUT[01;36m[K)[m[K,true);    // reset no message timeout
[11.575s]       |                                                                          [01;36m[K^[m[K
[11.575s] [01m[K/opt/ros/jazzy/include/rclcpp/rclcpp/duration.hpp:159:3:[m[K [01;36m[Knote: [m[Kcandidate: â€˜[01m[Krclcpp::Duration::[01;32m[KDuration[m[K()[m[Kâ€™
[11.575s]   159 |   [01;36m[KDuration[m[K() = default;
[11.575s]       |   [01;36m[K^~~~~~~~[m[K
[11.575s] [01m[K/opt/ros/jazzy/include/rclcpp/rclcpp/duration.hpp:159:3:[m[K [01;36m[Knote: [m[K  candidate expects 0 arguments, 1 provided
[11.576s] [01m[K/opt/ros/jazzy/include/rclcpp/rclcpp/duration.hpp:62:3:[m[K [01;36m[Knote: [m[Kcandidate: â€˜[01m[Krclcpp::Duration::[01;32m[KDuration[m[K(const rclcpp::Duration&)[m[Kâ€™
[11.576s]    62 |   [01;36m[KDuration[m[K(const Duration & rhs);
[11.576s]       |   [01;36m[K^~~~~~~~[m[K
[11.577s] [01m[K/opt/ros/jazzy/include/rclcpp/rclcpp/duration.hpp:62:29:[m[K [01;36m[Knote: [m[K  no known conversion for argument 1 from â€˜[01m[Kdouble[m[Kâ€™ to â€˜[01m[Kconst rclcpp::Duration&[m[Kâ€™
[11.580s]    62 |   Duration([01;36m[Kconst Duration & rhs[m[K);
[11.582s]       |            [01;36m[K~~~~~~~~~~~~~~~~~^~~[m[K
[11.583s] [01m[K/opt/ros/jazzy/include/rclcpp/rclcpp/duration.hpp:60:12:[m[K [01;36m[Knote: [m[Kcandidate: â€˜[01m[Krclcpp::Duration::[01;32m[KDuration[m[K(const rcl_duration_t&)[m[Kâ€™
[11.583s]    60 |   explicit [01;36m[KDuration[m[K(const rcl_duration_t & duration);
[11.593s]       |            [01;36m[K^~~~~~~~[m[K
[11.594s] [01m[K/opt/ros/jazzy/include/rclcpp/rclcpp/duration.hpp:60:44:[m[K [01;36m[Knote: [m[K  no known conversion for argument 1 from â€˜[01m[Kdouble[m[Kâ€™ to â€˜[01m[Kconst rcl_duration_t&[m[Kâ€™ {aka â€˜[01m[Kconst rcl_duration_s&[m[Kâ€™}
[11.594s]    60 |   explicit Duration([01;36m[Kconst rcl_duration_t & duration[m[K);
[11.599s]       |                     [01;36m[K~~~~~~~~~~~~~~~~~~~~~~~^~~~~~~~[m[K
[11.599s] [01m[K/opt/ros/jazzy/include/rclcpp/rclcpp/duration.hpp:54:3:[m[K [01;36m[Knote: [m[Kcandidate: â€˜[01m[Krclcpp::Duration::[01;32m[KDuration[m[K(const builtin_interfaces::msg::Duration&)[m[Kâ€™
[11.600s]    54 |   [01;36m[KDuration[m[K(const builtin_interfaces::msg::Duration & duration_msg);  // NOLINT(runtime/explicit)
[11.600s]       |   [01;36m[K^~~~~~~~[m[K
[11.601s] [01m[K/opt/ros/jazzy/include/rclcpp/rclcpp/duration.hpp:54:54:[m[K [01;36m[Knote: [m[K  no known conversion for argument 1 from â€˜[01m[Kdouble[m[Kâ€™ to â€˜[01m[Kconst builtin_interfaces::msg::Duration&[m[Kâ€™ {aka â€˜[01m[Kconst builtin_interfaces::msg::Duration_<std::allocator<void> >&[m[Kâ€™}
[11.603s]    54 |   Duration([01;36m[Kconst builtin_interfaces::msg::Duration & duration_msg[m[K);  // NOLINT(runtime/explicit)
[11.606s]       |            [01;36m[K~~~~~~~~~~~~~~~~~~~~~~~~~~~~~~~~~~~~~~~~~~^~~~~~~~~~~~[m[K
[11.607s] [01m[K/opt/ros/jazzy/include/rclcpp/rclcpp/duration.hpp:43:12:[m[K [01;36m[Knote: [m[Kcandidate: â€˜[01m[Krclcpp::Duration::[01;32m[KDuration[m[K(std::chrono::nanoseconds)[m[Kâ€™
[11.607s]    43 |   explicit [01;36m[KDuration[m[K(std::chrono::nanoseconds nanoseconds);
[11.607s]       |            [01;36m[K^~~~~~~~[m[K
[11.608s] [01m[K/opt/ros/jazzy/include/rclcpp/rclcpp/duration.hpp:43:46:[m[K [01;36m[Knote: [m[K  no known conversion for argument 1 from â€˜[01m[Kdouble[m[Kâ€™ to â€˜[01m[Kstd::chrono::nanoseconds[m[Kâ€™ {aka â€˜[01m[Kstd::chrono::duration<long int, std::ratio<1, 1000000000> >[m[Kâ€™}
[11.612s]    43 |   explicit Duration([01;36m[Kstd::chrono::nanoseconds nanoseconds[m[K);
[11.613s]       |                     [01;36m[K~~~~~~~~~~~~~~~~~~~~~~~~~^~~~~~~~~~~[m[K
[11.615s] [01m[K/opt/ros/jazzy/include/rclcpp/rclcpp/duration.hpp:40:3:[m[K [01;36m[Knote: [m[Kcandidate: â€˜[01m[Krclcpp::Duration::[01;32m[KDuration[m[K(int32_t, uint32_t)[m[Kâ€™
[11.631s]    40 |   [01;36m[KDuration[m[K(int32_t seconds, uint32_t nanoseconds);
[11.632s]       |   [01;36m[K^~~~~~~~[m[K
[11.632s] [01m[K/opt/ros/jazzy/include/rclcpp/rclcpp/duration.hpp:40:3:[m[K [01;36m[Knote: [m[K  candidate expects 2 arguments, 1 provided
[11.632s] [01m[K/home/graham/ros2_ws/src/car_s/src/pi_car_s_controller.cpp:208:17:[m[K [01;31m[Kerror: [m[Kstatic assertion failed: First argument to logging macros must be an rclcpp::Logger
[11.632s]   208 |                 [01;31m[KRCLCPP_INFO[m[K("Timeout");
[11.632s]       |                 [01;31m[K^~~~~~~~~~~[m[K
[11.632s] [01m[K/home/graham/ros2_ws/src/car_s/src/pi_car_s_controller.cpp:208:17:[m[K [01;31m[Kerror: [m[Krequest for member â€˜[01m[Kget_name[m[Kâ€™ in â€˜[01m[K("Timeout")[m[Kâ€™, which is of non-class type â€˜[01m[Kconst char [8][m[Kâ€™
[11.633s]   208 |                 [01;31m[KRCLCPP_INFO[m[K("Timeout");
[11.639s]       |                 [01;31m[K^~~~~~~~~~~[m[K
[11.639s] [01m[K/home/graham/ros2_ws/src/car_s/src/pi_car_s_controller.cpp:208:17:[m[K [01;31m[Kerror: [m[Krequest for member â€˜[01m[Kget_name[m[Kâ€™ in â€˜[01m[K("Timeout")[m[Kâ€™, which is of non-class type â€˜[01m[Kconst char [8][m[Kâ€™
[11.639s]   208 |                 [01;31m[KRCLCPP_INFO[m[K("Timeout");
[11.640s]       |                 [01;31m[K^~~~~~~~~~~[m[K
[11.640s] [01m[K/home/graham/ros2_ws/src/car_s/src/pi_car_s_controller.cpp:208:17:[m[K [01;31m[Kerror: [m[Kexpected primary-expression before â€˜[01m[K)[m[Kâ€™ token
[11.640s]   208 |                 [01;31m[KRCLCPP_INFO[m[K("Timeout");
[11.640s]       |                 [01;31m[K^~~~~~~~~~~[m[K
[11.640s] [01m[K/home/graham/ros2_ws/src/car_s/src/pi_car_s_controller.cpp:[m[K At global scope:
[11.640s] [01m[K/home/graham/ros2_ws/src/car_s/src/pi_car_s_controller.cpp:212:40:[m[K [01;31m[Kerror: [m[Kâ€˜[01m[KTimerEvent[m[Kâ€™ in namespace â€˜[01m[Krclcpp[m[Kâ€™ does not name a type
[11.640s]   212 | void LED_timer_callback (const rclcpp::[01;31m[KTimerEvent[m[K&){
[11.640s]       |                                        [01;31m[K^~~~~~~~~~[m[K
[11.640s] [01m[K/home/graham/ros2_ws/src/car_s/src/pi_car_s_controller.cpp:[m[K In function â€˜[01m[Kvoid[01;32m[K left_speed_callback[m[K(int, uint32_t, uint32_t, uint32_t)[m[Kâ€™:
[11.641s] [01m[K/home/graham/ros2_ws/src/car_s/src/pi_car_s_controller.cpp:225:37:[m[K [01;35m[Kwarning: [m[Kunused parameter â€˜[01m[Kpi[m[Kâ€™ [[01;35m[K]8;;https://gcc.gnu.org/onlinedocs/gcc/Warning-Options.html#index-Wunused-parameter-Wunused-parameter]8;;[m[K]
[11.641s]   225 | static void left_speed_callback([01;35m[Kint pi[m[K,uint32_t gpio, uint32_t level, uint32_t tick){
[11.642s]       |                                 [01;35m[K~~~~^~[m[K
[11.644s] [01m[K/home/graham/ros2_ws/src/car_s/src/pi_car_s_controller.cpp:225:49:[m[K [01;35m[Kwarning: [m[Kunused parameter â€˜[01m[Kgpio[m[Kâ€™ [[01;35m[K]8;;https://gcc.gnu.org/onlinedocs/gcc/Warning-Options.html#index-Wunused-parameter-Wunused-parameter]8;;[m[K]
[11.644s]   225 | static void left_speed_callback(int pi,[01;35m[Kuint32_t gpio[m[K, uint32_t level, uint32_t tick){
[11.644s]       |                                        [01;35m[K~~~~~~~~~^~~~[m[K
[11.646s] [01m[K/home/graham/ros2_ws/src/car_s/src/pi_car_s_controller.cpp:225:64:[m[K [01;35m[Kwarning: [m[Kunused parameter â€˜[01m[Klevel[m[Kâ€™ [[01;35m[K]8;;https://gcc.gnu.org/onlinedocs/gcc/Warning-Options.html#index-Wunused-parameter-Wunused-parameter]8;;[m[K]
[11.648s]   225 | static void left_speed_callback(int pi,uint32_t gpio, [01;35m[Kuint32_t level[m[K, uint32_t tick){
[11.652s]       |                                                       [01;35m[K~~~~~~~~~^~~~~[m[K
[11.654s] [01m[K/home/graham/ros2_ws/src/car_s/src/pi_car_s_controller.cpp:225:80:[m[K [01;35m[Kwarning: [m[Kunused parameter â€˜[01m[Ktick[m[Kâ€™ [[01;35m[K]8;;https://gcc.gnu.org/onlinedocs/gcc/Warning-Options.html#index-Wunused-parameter-Wunused-parameter]8;;[m[K]
[11.655s]   225 | static void left_speed_callback(int pi,uint32_t gpio, uint32_t level, [01;35m[Kuint32_t tick[m[K){
[11.655s]       |                                                                       [01;35m[K~~~~~~~~~^~~~[m[K
[11.655s] [01m[K/home/graham/ros2_ws/src/car_s/src/pi_car_s_controller.cpp:[m[K In function â€˜[01m[Kvoid[01;32m[K right_speed_callback[m[K(int, uint32_t, uint32_t, uint32_t)[m[Kâ€™:
[11.656s] [01m[K/home/graham/ros2_ws/src/car_s/src/pi_car_s_controller.cpp:230:38:[m[K [01;35m[Kwarning: [m[Kunused parameter â€˜[01m[Kpi[m[Kâ€™ [[01;35m[K]8;;https://gcc.gnu.org/onlinedocs/gcc/Warning-Options.html#index-Wunused-parameter-Wunused-parameter]8;;[m[K]
[11.656s]   230 | static void right_speed_callback([01;35m[Kint pi[m[K,uint32_t gpio, uint32_t level, uint32_t tick){
[11.656s]       |                                  [01;35m[K~~~~^~[m[K
[11.657s] [01m[K/home/graham/ros2_ws/src/car_s/src/pi_car_s_controller.cpp:230:50:[m[K [01;35m[Kwarning: [m[Kunused parameter â€˜[01m[Kgpio[m[Kâ€™ [[01;35m[K]8;;https://gcc.gnu.org/onlinedocs/gcc/Warning-Options.html#index-Wunused-parameter-Wunused-parameter]8;;[m[K]
[11.657s]   230 | static void right_speed_callback(int pi,[01;35m[Kuint32_t gpio[m[K, uint32_t level, uint32_t tick){
[11.658s]       |                                         [01;35m[K~~~~~~~~~^~~~[m[K
[11.658s] [01m[K/home/graham/ros2_ws/src/car_s/src/pi_car_s_controller.cpp:230:65:[m[K [01;35m[Kwarning: [m[Kunused parameter â€˜[01m[Klevel[m[Kâ€™ [[01;35m[K]8;;https://gcc.gnu.org/onlinedocs/gcc/Warning-Options.html#index-Wunused-parameter-Wunused-parameter]8;;[m[K]
[11.658s]   230 | static void right_speed_callback(int pi,uint32_t gpio, [01;35m[Kuint32_t level[m[K, uint32_t tick){
[11.658s]       |                                                        [01;35m[K~~~~~~~~~^~~~~[m[K
[11.659s] [01m[K/home/graham/ros2_ws/src/car_s/src/pi_car_s_controller.cpp:230:81:[m[K [01;35m[Kwarning: [m[Kunused parameter â€˜[01m[Ktick[m[Kâ€™ [[01;35m[K]8;;https://gcc.gnu.org/onlinedocs/gcc/Warning-Options.html#index-Wunused-parameter-Wunused-parameter]8;;[m[K]
[11.659s]   230 | static void right_speed_callback(int pi,uint32_t gpio, uint32_t level, [01;35m[Kuint32_t tick[m[K){
[11.659s]       |                                                                        [01;35m[K~~~~~~~~~^~~~[m[K
[11.659s] [01m[K/home/graham/ros2_ws/src/car_s/src/pi_car_s_controller.cpp:[m[K At global scope:
[11.659s] [01m[K/home/graham/ros2_ws/src/car_s/src/pi_car_s_controller.cpp:235:41:[m[K [01;31m[Kerror: [m[Kâ€˜[01m[KTimerEvent[m[Kâ€™ in namespace â€˜[01m[Krclcpp[m[Kâ€™ does not name a type
[11.660s]   235 | void odom_timer_callback (const rclcpp::[01;31m[KTimerEvent[m[K&){
[11.660s]       |                                         [01;31m[K^~~~~~~~~~[m[K
[11.660s] [01m[K/home/graham/ros2_ws/src/car_s/src/pi_car_s_controller.cpp:[m[K In function â€˜[01m[Kvoid[01;32m[K odom_timer_callback[m[K(const int&)[m[Kâ€™:
[11.661s] [01m[K/home/graham/ros2_ws/src/car_s/src/pi_car_s_controller.cpp:237:19:[m[K [01;31m[Kerror: [m[Kâ€˜[01m[KFloat32[m[Kâ€™ is not a member of â€˜[01m[Kstd_msgs[m[Kâ€™; did you mean â€˜[01m[Kstd_msgs::msg::Float32[m[Kâ€™?
[11.662s]   237 |         std_msgs::[01;31m[KFloat32[m[K left_speed;
[11.663s]       |                   [01;31m[K^~~~~~~[m[K
[11.663s] In file included from [01m[K/opt/ros/jazzy/include/std_msgs/std_msgs/msg/float32.hpp:7[m[K,
[11.663s]                  from [01m[K/home/graham/ros2_ws/src/car_s/src/pi_car_s_controller.cpp:31[m[K:
[11.664s] [01m[K/opt/ros/jazzy/include/std_msgs/std_msgs/msg/detail/float32__struct.hpp:125:7:[m[K [01;36m[Knote: [m[Kâ€˜[01m[Kstd_msgs::msg::Float32[m[Kâ€™ declared here
[11.664s]   125 | using [01;36m[KFloat32[m[K =
[11.665s]       |       [01;36m[K^~~~~~~[m[K
[11.665s] [01m[K/home/graham/ros2_ws/src/car_s/src/pi_car_s_controller.cpp:238:19:[m[K [01;31m[Kerror: [m[Kâ€˜[01m[KFloat32[m[Kâ€™ is not a member of â€˜[01m[Kstd_msgs[m[Kâ€™; did you mean â€˜[01m[Kstd_msgs::msg::Float32[m[Kâ€™?
[11.665s]   238 |         std_msgs::[01;31m[KFloat32[m[K right_speed;
[11.666s]       |                   [01;31m[K^~~~~~~[m[K
[11.667s] [01m[K/opt/ros/jazzy/include/std_msgs/std_msgs/msg/detail/float32__struct.hpp:125:7:[m[K [01;36m[Knote: [m[Kâ€˜[01m[Kstd_msgs::msg::Float32[m[Kâ€™ declared here
[11.668s]   125 | using [01;36m[KFloat32[m[K =
[11.668s]       |       [01;36m[K^~~~~~~[m[K
[11.668s] [01m[K/home/graham/ros2_ws/src/car_s/src/pi_car_s_controller.cpp:239:19:[m[K [01;31m[Kerror: [m[Kâ€˜[01m[KFloat32[m[Kâ€™ is not a member of â€˜[01m[Kstd_msgs[m[Kâ€™; did you mean â€˜[01m[Kstd_msgs::msg::Float32[m[Kâ€™?
[11.669s]   239 |         std_msgs::[01;31m[KFloat32[m[K angle;
[11.669s]       |                   [01;31m[K^~~~~~~[m[K
[11.669s] [01m[K/opt/ros/jazzy/include/std_msgs/std_msgs/msg/detail/float32__struct.hpp:125:7:[m[K [01;36m[Knote: [m[Kâ€˜[01m[Kstd_msgs::msg::Float32[m[Kâ€™ declared here
[11.670s]   125 | using [01;36m[KFloat32[m[K =
[11.670s]       |       [01;36m[K^~~~~~~[m[K
[11.670s] [01m[K/home/graham/ros2_ws/src/car_s/src/pi_car_s_controller.cpp:252:9:[m[K [01;31m[Kerror: [m[Kâ€˜[01m[Kleft_speed[m[Kâ€™ was not declared in this scope; did you mean â€˜[01m[Kleft_speed_pub[m[Kâ€™?
[11.670s]   252 |         [01;31m[Kleft_speed[m[K.data = left_delta / ODOM_TIMOUT;
[11.670s]       |         [01;31m[K^~~~~~~~~~[m[K
[11.671s]       |         [32m[Kleft_speed_pub[m[K
[11.671s] [01m[K/home/graham/ros2_ws/src/car_s/src/pi_car_s_controller.cpp:253:9:[m[K [01;31m[Kerror: [m[Kâ€˜[01m[Kright_speed[m[Kâ€™ was not declared in this scope; did you mean â€˜[01m[Kright_speed_pub[m[Kâ€™?
[11.672s]   253 |         [01;31m[Kright_speed[m[K.data =  right_delta / ODOM_TIMOUT;
[11.672s]       |         [01;31m[K^~~~~~~~~~~[m[K
[11.672s]       |         [32m[Kright_speed_pub[m[K
[11.672s] [01m[K/home/graham/ros2_ws/src/car_s/src/pi_car_s_controller.cpp:263:9:[m[K [01;31m[Kerror: [m[Kâ€˜[01m[Kangle[m[Kâ€™ was not declared in this scope
[11.672s]   263 |         [01;31m[Kangle[m[K.data = 180*theta/PI;  // Send angle in degrees
[11.674s]       |         [01;31m[K^~~~~[m[K
[11.674s] [01m[K/home/graham/ros2_ws/src/car_s/src/pi_car_s_controller.cpp:267:11:[m[K [01;31m[Kerror: [m[Kstatic assertion failed: First argument to logging macros must be an rclcpp::Logger
[11.674s]   267 |           [01;31m[KRCLCPP_INFO[m[K("Turn started set to true");
[11.675s]       |           [01;31m[K^~~~~~~~~~~[m[K
[11.675s] [01m[K/home/graham/ros2_ws/src/car_s/src/pi_car_s_controller.cpp:267:11:[m[K [01;31m[Kerror: [m[Krequest for member â€˜[01m[Kget_name[m[Kâ€™ in â€˜[01m[K("Turn started set to true")[m[Kâ€™, which is of non-class type â€˜[01m[Kconst char [25][m[Kâ€™
[11.675s]   267 |           [01;31m[KRCLCPP_INFO[m[K("Turn started set to true");
[11.675s]       |           [01;31m[K^~~~~~~~~~~[m[K
[11.675s] [01m[K/home/graham/ros2_ws/src/car_s/src/pi_car_s_controller.cpp:267:11:[m[K [01;31m[Kerror: [m[Krequest for member â€˜[01m[Kget_name[m[Kâ€™ in â€˜[01m[K("Turn started set to true")[m[Kâ€™, which is of non-class type â€˜[01m[Kconst char [25][m[Kâ€™
[11.675s]   267 |           [01;31m[KRCLCPP_INFO[m[K("Turn started set to true");
[11.675s]       |           [01;31m[K^~~~~~~~~~~[m[K
[11.675s] [01m[K/home/graham/ros2_ws/src/car_s/src/pi_car_s_controller.cpp:267:11:[m[K [01;31m[Kerror: [m[Kexpected primary-expression before â€˜[01m[K)[m[Kâ€™ token
[11.676s]   267 |           [01;31m[KRCLCPP_INFO[m[K("Turn started set to true");
[11.676s]       |           [01;31m[K^~~~~~~~~~~[m[K
[11.676s] [01m[K/home/graham/ros2_ws/src/car_s/src/pi_car_s_controller.cpp:271:17:[m[K [01;31m[Kerror: [m[Kstatic assertion failed: First argument to logging macros must be an rclcpp::Logger
[11.677s]   271 |                 [01;31m[KRCLCPP_INFO[m[K("Target angle reached");
[11.677s]       |                 [01;31m[K^~~~~~~~~~~[m[K
[11.677s] [01m[K/home/graham/ros2_ws/src/car_s/src/pi_car_s_controller.cpp:271:17:[m[K [01;31m[Kerror: [m[Krequest for member â€˜[01m[Kget_name[m[Kâ€™ in â€˜[01m[K("Target angle reached")[m[Kâ€™, which is of non-class type â€˜[01m[Kconst char [21][m[Kâ€™
[11.677s]   271 |                 [01;31m[KRCLCPP_INFO[m[K("Target angle reached");
[11.678s]       |                 [01;31m[K^~~~~~~~~~~[m[K
[11.678s] [01m[K/home/graham/ros2_ws/src/car_s/src/pi_car_s_controller.cpp:271:17:[m[K [01;31m[Kerror: [m[Krequest for member â€˜[01m[Kget_name[m[Kâ€™ in â€˜[01m[K("Target angle reached")[m[Kâ€™, which is of non-class type â€˜[01m[Kconst char [21][m[Kâ€™
[11.679s]   271 |                 [01;31m[KRCLCPP_INFO[m[K("Target angle reached");
[11.680s]       |                 [01;31m[K^~~~~~~~~~~[m[K
[11.680s] [01m[K/home/graham/ros2_ws/src/car_s/src/pi_car_s_controller.cpp:271:17:[m[K [01;31m[Kerror: [m[Kexpected primary-expression before â€˜[01m[K)[m[Kâ€™ token
[11.680s]   271 |                 [01;31m[KRCLCPP_INFO[m[K("Target angle reached");
[11.680s]       |                 [01;31m[K^~~~~~~~~~~[m[K
[11.681s] [01m[K/home/graham/ros2_ws/src/car_s/src/pi_car_s_controller.cpp:280:24:[m[K [01;31m[Kerror: [m[Kâ€˜[01m[KQuaternion[m[Kâ€™ is not a member of â€˜[01m[Kgeometry_msgs[m[Kâ€™; did you mean â€˜[01m[Kgeometry_msgs::msg::Quaternion[m[Kâ€™?
[11.681s]   280 |         geometry_msgs::[01;31m[KQuaternion[m[K odom_quat = tf::createQuaternionMsgFromYaw(theta);
[11.682s]       |                        [01;31m[K^~~~~~~~~~[m[K
[11.682s] In file included from [01m[K/opt/ros/jazzy/include/geometry_msgs/geometry_msgs/msg/detail/transform__struct.hpp:25[m[K,
[11.682s]                  from [01m[K/opt/ros/jazzy/include/geometry_msgs/geometry_msgs/msg/detail/transform_stamped__struct.hpp:25[m[K,
[11.682s]                  from [01m[K/opt/ros/jazzy/include/geometry_msgs/geometry_msgs/msg/transform_stamped.hpp:7[m[K,
[11.682s]                  from [01m[K/opt/ros/jazzy/include/tf2_ros/tf2_ros/transform_broadcaster.h:44[m[K,
[11.682s]                  from [01m[K/home/graham/ros2_ws/src/car_s/src/pi_car_s_controller.cpp:34[m[K:
[11.682s] [01m[K/opt/ros/jazzy/include/geometry_msgs/geometry_msgs/msg/detail/quaternion__struct.hpp:177:7:[m[K [01;36m[Knote: [m[Kâ€˜[01m[Kgeometry_msgs::msg::Quaternion[m[Kâ€™ declared here
[11.683s]   177 | using [01;36m[KQuaternion[m[K =
[11.683s]       |       [01;36m[K^~~~~~~~~~[m[K
[11.683s] [01m[K/home/graham/ros2_ws/src/car_s/src/pi_car_s_controller.cpp:283:24:[m[K [01;31m[Kerror: [m[Kâ€˜[01m[KTransformStamped[m[Kâ€™ is not a member of â€˜[01m[Kgeometry_msgs[m[Kâ€™; did you mean â€˜[01m[Kgeometry_msgs::msg::TransformStamped[m[Kâ€™?
[11.683s]   283 |         geometry_msgs::[01;31m[KTransformStamped[m[K odom_trans;
[11.684s]       |                        [01;31m[K^~~~~~~~~~~~~~~~[m[K
[11.684s] [01m[K/opt/ros/jazzy/include/geometry_msgs/geometry_msgs/msg/detail/transform_stamped__struct.hpp:159:7:[m[K [01;36m[Knote: [m[Kâ€˜[01m[Kgeometry_msgs::msg::TransformStamped[m[Kâ€™ declared here
[11.684s]   159 | using [01;36m[KTransformStamped[m[K =
[11.685s]       |       [01;36m[K^~~~~~~~~~~~~~~~[m[K
[11.685s] [01m[K/home/graham/ros2_ws/src/car_s/src/pi_car_s_controller.cpp:284:9:[m[K [01;31m[Kerror: [m[Kâ€˜[01m[Kodom_trans[m[Kâ€™ was not declared in this scope
[11.685s]   284 |         [01;31m[Kodom_trans[m[K.header.stamp = rclcpp::Time::now();
[11.686s]       |         [01;31m[K^~~~~~~~~~[m[K
[11.686s] [01m[K/home/graham/ros2_ws/src/car_s/src/pi_car_s_controller.cpp:284:49:[m[K [01;31m[Kerror: [m[Kâ€˜[01m[Know[m[Kâ€™ is not a member of â€˜[01m[Krclcpp::Time[m[Kâ€™
[11.686s]   284 |         odom_trans.header.stamp = rclcpp::Time::[01;31m[Know[m[K();
[11.687s]       |                                                 [01;31m[K^~~[m[K
[11.687s] [01m[K/home/graham/ros2_ws/src/car_s/src/pi_car_s_controller.cpp:291:41:[m[K [01;31m[Kerror: [m[Kâ€˜[01m[Kodom_quat[m[Kâ€™ was not declared in this scope; did you mean â€˜[01m[Kodom_pub[m[Kâ€™?
[11.687s]   291 |         odom_trans.transform.rotation = [01;31m[Kodom_quat[m[K;
[11.688s]       |                                         [01;31m[K^~~~~~~~~[m[K
[11.688s]       |                                         [32m[Kodom_pub[m[K
[11.696s] [01m[K/home/graham/ros2_ws/src/car_s/src/pi_car_s_controller.cpp:293:9:[m[K [01;31m[Kerror: [m[Kâ€˜[01m[Kodom_broadcaster[m[Kâ€™ was not declared in this scope
[11.697s]   293 |         [01;31m[Kodom_broadcaster[m[K->sendTransform(odom_trans);
[11.697s]       |         [01;31m[K^~~~~~~~~~~~~~~~[m[K
[11.704s] [01m[K/home/graham/ros2_ws/src/car_s/src/pi_car_s_controller.cpp:296:19:[m[K [01;31m[Kerror: [m[Kâ€˜[01m[KOdometry[m[Kâ€™ is not a member of â€˜[01m[Knav_msgs[m[Kâ€™; did you mean â€˜[01m[Knav_msgs::msg::Odometry[m[Kâ€™?
[11.705s]   296 |         nav_msgs::[01;31m[KOdometry[m[K odom;
[11.705s]       |                   [01;31m[K^~~~~~~~[m[K
[11.718s] In file included from [01m[K/opt/ros/jazzy/include/nav_msgs/nav_msgs/msg/odometry.hpp:7[m[K,
[11.719s]                  from [01m[K/home/graham/ros2_ws/src/car_s/src/pi_car_s_controller.cpp:35[m[K:
[11.719s] [01m[K/opt/ros/jazzy/include/nav_msgs/nav_msgs/msg/detail/odometry__struct.hpp:175:7:[m[K [01;36m[Knote: [m[Kâ€˜[01m[Knav_msgs::msg::Odometry[m[Kâ€™ declared here
[11.719s]   175 | using [01;36m[KOdometry[m[K =
[11.719s]       |       [01;36m[K^~~~~~~~[m[K
[11.744s] [01m[K/home/graham/ros2_ws/src/car_s/src/pi_car_s_controller.cpp:297:9:[m[K [01;31m[Kerror: [m[Kâ€˜[01m[Kodom[m[Kâ€™ was not declared in this scope
[11.750s]   297 |         [01;31m[Kodom[m[K.header.stamp = rclcpp::Time::now();
[11.750s]       |         [01;31m[K^~~~[m[K
[11.750s] [01m[K/home/graham/ros2_ws/src/car_s/src/pi_car_s_controller.cpp:297:43:[m[K [01;31m[Kerror: [m[Kâ€˜[01m[Know[m[Kâ€™ is not a member of â€˜[01m[Krclcpp::Time[m[Kâ€™
[11.751s]   297 |         odom.header.stamp = rclcpp::Time::[01;31m[Know[m[K();
[11.751s]       |                                           [01;31m[K^~~[m[K
[11.751s] [01m[K/home/graham/ros2_ws/src/car_s/src/pi_car_s_controller.cpp:[m[K At global scope:
[11.751s] [01m[K/home/graham/ros2_ws/src/car_s/src/pi_car_s_controller.cpp:317:45:[m[K [01;31m[Kerror: [m[Kâ€˜[01m[KTwist[m[Kâ€™ in namespace â€˜[01m[Kgeometry_msgs[m[Kâ€™ does not name a type
[11.751s]   317 | void velocity_callback(const geometry_msgs::[01;31m[KTwist[m[K::ConstPtr& msg)
[11.751s]       |                                             [01;31m[K^~~~~[m[K
[11.751s] [01m[K/home/graham/ros2_ws/src/car_s/src/pi_car_s_controller.cpp:317:60:[m[K [01;31m[Kerror: [m[Kexpected unqualified-id before â€˜[01m[K&[m[Kâ€™ token
[11.751s]   317 | void velocity_callback(const geometry_msgs::Twist::ConstPtr[01;31m[K&[m[K msg)
[11.752s]       |                                                            [01;31m[K^[m[K
[11.752s] [01m[K/home/graham/ros2_ws/src/car_s/src/pi_car_s_controller.cpp:317:60:[m[K [01;31m[Kerror: [m[Kexpected â€˜[01m[K)[m[Kâ€™ before â€˜[01m[K&[m[Kâ€™ token
[11.752s]   317 | void velocity_callback[34m[K([m[Kconst geometry_msgs::Twist::ConstPtr[01;31m[K&[m[K msg)
[11.752s]       |                       [34m[K~[m[K                                    [01;31m[K^[m[K
[11.755s]       |                                                            [32m[K)[m[K
[11.757s] [01m[K/home/graham/ros2_ws/src/car_s/src/pi_car_s_controller.cpp:317:62:[m[K [01;31m[Kerror: [m[Kexpected initializer before â€˜[01m[Kmsg[m[Kâ€™
[11.758s]   317 | void velocity_callback(const geometry_msgs::Twist::ConstPtr& [01;31m[Kmsg[m[K)
[11.758s]       |                                                              [01;31m[K^~~[m[K
[11.758s] [01m[K/home/graham/ros2_ws/src/car_s/src/pi_car_s_controller.cpp:324:37:[m[K [01;31m[Kerror: [m[Kâ€˜[01m[KInt32[m[Kâ€™ in namespace â€˜[01m[Kstd_msgs[m[Kâ€™ does not name a type
[11.758s]   324 | void steps_callback(const std_msgs::[01;31m[KInt32[m[K::ConstPtr& msg)
[11.758s]       |                                     [01;31m[K^~~~~[m[K
[11.759s] [01m[K/home/graham/ros2_ws/src/car_s/src/pi_car_s_controller.cpp:324:52:[m[K [01;31m[Kerror: [m[Kexpected unqualified-id before â€˜[01m[K&[m[Kâ€™ token
[11.763s]   324 | void steps_callback(const std_msgs::Int32::ConstPtr[01;31m[K&[m[K msg)
[11.763s]       |                                                    [01;31m[K^[m[K
[11.764s] [01m[K/home/graham/ros2_ws/src/car_s/src/pi_car_s_controller.cpp:324:52:[m[K [01;31m[Kerror: [m[Kexpected â€˜[01m[K)[m[Kâ€™ before â€˜[01m[K&[m[Kâ€™ token
[11.764s]   324 | void steps_callback[34m[K([m[Kconst std_msgs::Int32::ConstPtr[01;31m[K&[m[K msg)
[11.764s]       |                    [34m[K~[m[K                               [01;31m[K^[m[K
[11.764s]       |                                                    [32m[K)[m[K
[11.764s] [01m[K/home/graham/ros2_ws/src/car_s/src/pi_car_s_controller.cpp:324:54:[m[K [01;31m[Kerror: [m[Kexpected initializer before â€˜[01m[Kmsg[m[Kâ€™
[11.764s]   324 | void steps_callback(const std_msgs::Int32::ConstPtr& [01;31m[Kmsg[m[K)
[11.764s]       |                                                      [01;31m[K^~~[m[K
[11.765s] [01m[K/home/graham/ros2_ws/src/car_s/src/pi_car_s_controller.cpp:331:36:[m[K [01;31m[Kerror: [m[Kâ€˜[01m[KInt32[m[Kâ€™ in namespace â€˜[01m[Kstd_msgs[m[Kâ€™ does not name a type
[11.765s]   331 | void freq_callback(const std_msgs::[01;31m[KInt32[m[K::ConstPtr& msg)
[11.765s]       |                                    [01;31m[K^~~~~[m[K
[11.765s] [01m[K/home/graham/ros2_ws/src/car_s/src/pi_car_s_controller.cpp:331:51:[m[K [01;31m[Kerror: [m[Kexpected unqualified-id before â€˜[01m[K&[m[Kâ€™ token
[11.765s]   331 | void freq_callback(const std_msgs::Int32::ConstPtr[01;31m[K&[m[K msg)
[11.765s]       |                                                   [01;31m[K^[m[K
[11.765s] [01m[K/home/graham/ros2_ws/src/car_s/src/pi_car_s_controller.cpp:331:51:[m[K [01;31m[Kerror: [m[Kexpected â€˜[01m[K)[m[Kâ€™ before â€˜[01m[K&[m[Kâ€™ token
[11.765s]   331 | void freq_callback[34m[K([m[Kconst std_msgs::Int32::ConstPtr[01;31m[K&[m[K msg)
[11.765s]       |                   [34m[K~[m[K                               [01;31m[K^[m[K
[11.769s]       |                                                   [32m[K)[m[K
[11.769s] [01m[K/home/graham/ros2_ws/src/car_s/src/pi_car_s_controller.cpp:331:53:[m[K [01;31m[Kerror: [m[Kexpected initializer before â€˜[01m[Kmsg[m[Kâ€™
[11.769s]   331 | void freq_callback(const std_msgs::Int32::ConstPtr& [01;31m[Kmsg[m[K)
[11.770s]       |                                                     [01;31m[K^~~[m[K
[11.770s] [01m[K/home/graham/ros2_ws/src/car_s/src/pi_car_s_controller.cpp:339:42:[m[K [01;31m[Kerror: [m[Kâ€˜[01m[KInt32[m[Kâ€™ in namespace â€˜[01m[Kstd_msgs[m[Kâ€™ does not name a type
[11.770s]   339 | void motor_mode_callback(const std_msgs::[01;31m[KInt32[m[K::ConstPtr& msg)
[11.770s]       |                                          [01;31m[K^~~~~[m[K
[11.770s] [01m[K/home/graham/ros2_ws/src/car_s/src/pi_car_s_controller.cpp:339:57:[m[K [01;31m[Kerror: [m[Kexpected unqualified-id before â€˜[01m[K&[m[Kâ€™ token
[11.771s]   339 | void motor_mode_callback(const std_msgs::Int32::ConstPtr[01;31m[K&[m[K msg)
[11.771s]       |                                                         [01;31m[K^[m[K
[11.771s] [01m[K/home/graham/ros2_ws/src/car_s/src/pi_car_s_controller.cpp:339:57:[m[K [01;31m[Kerror: [m[Kexpected â€˜[01m[K)[m[Kâ€™ before â€˜[01m[K&[m[Kâ€™ token
[11.771s]   339 | void motor_mode_callback[34m[K([m[Kconst std_msgs::Int32::ConstPtr[01;31m[K&[m[K msg)
[11.771s]       |                         [34m[K~[m[K                               [01;31m[K^[m[K
[11.772s]       |                                                         [32m[K)[m[K
[11.772s] [01m[K/home/graham/ros2_ws/src/car_s/src/pi_car_s_controller.cpp:339:59:[m[K [01;31m[Kerror: [m[Kexpected initializer before â€˜[01m[Kmsg[m[Kâ€™
[11.775s]   339 | void motor_mode_callback(const std_msgs::Int32::ConstPtr& [01;31m[Kmsg[m[K)
[11.775s]       |                                                           [01;31m[K^~~[m[K
[11.775s] [01m[K/home/graham/ros2_ws/src/car_s/src/pi_car_s_controller.cpp:361:37:[m[K [01;31m[Kerror: [m[Kâ€˜[01m[KBool[m[Kâ€™ in namespace â€˜[01m[Kstd_msgs[m[Kâ€™ does not name a type
[11.776s]   361 | void motor_callback(const std_msgs::[01;31m[KBool[m[K::ConstPtr& msg)
[11.776s]       |                                     [01;31m[K^~~~[m[K
[11.776s] [01m[K/home/graham/ros2_ws/src/car_s/src/pi_car_s_controller.cpp:361:51:[m[K [01;31m[Kerror: [m[Kexpected unqualified-id before â€˜[01m[K&[m[Kâ€™ token
[11.776s]   361 | void motor_callback(const std_msgs::Bool::ConstPtr[01;31m[K&[m[K msg)
[11.776s]       |                                                   [01;31m[K^[m[K
[11.777s] [01m[K/home/graham/ros2_ws/src/car_s/src/pi_car_s_controller.cpp:361:51:[m[K [01;31m[Kerror: [m[Kexpected â€˜[01m[K)[m[Kâ€™ before â€˜[01m[K&[m[Kâ€™ token
[11.777s]   361 | void motor_callback[34m[K([m[Kconst std_msgs::Bool::ConstPtr[01;31m[K&[m[K msg)
[11.777s]       |                    [34m[K~[m[K                              [01;31m[K^[m[K
[11.777s]       |                                                   [32m[K)[m[K
[11.777s] [01m[K/home/graham/ros2_ws/src/car_s/src/pi_car_s_controller.cpp:361:53:[m[K [01;31m[Kerror: [m[Kexpected initializer before â€˜[01m[Kmsg[m[Kâ€™
[11.778s]   361 | void motor_callback(const std_msgs::Bool::ConstPtr& [01;31m[Kmsg[m[K)
[11.781s]       |                                                     [01;31m[K^~~[m[K
[11.781s] [01m[K/home/graham/ros2_ws/src/car_s/src/pi_car_s_controller.cpp:[m[K In function â€˜[01m[Kint[01;32m[K main[m[K(int, char**)[m[Kâ€™:
[11.781s] [01m[K/home/graham/ros2_ws/src/car_s/src/pi_car_s_controller.cpp:374:65:[m[K [01;31m[Kerror: [m[Kâ€˜[01m[Krclcpp::init_options[m[Kâ€™ has not been declared
[11.782s]   374 |         rclcpp::init(argc, argv, "pi_car_s_controller", rclcpp::[01;31m[Kinit_options[m[K::NoSigintHandler);
[11.782s]       |                                                                 [01;31m[K^~~~~~~~~~~~[m[K
[11.782s] [01m[K/home/graham/ros2_ws/src/car_s/src/pi_car_s_controller.cpp:375:9:[m[K [01;31m[Kerror: [m[Kstatic assertion failed: First argument to logging macros must be an rclcpp::Logger
[11.782s]   375 |         [01;31m[KRCLCPP_INFO[m[K("Started Pi Car Stepper Controller");
[11.782s]       |         [01;31m[K^~~~~~~~~~~[m[K
[11.783s] [01m[K/home/graham/ros2_ws/src/car_s/src/pi_car_s_controller.cpp:375:9:[m[K [01;31m[Kerror: [m[Krequest for member â€˜[01m[Kget_name[m[Kâ€™ in â€˜[01m[K("Started Pi Car Stepper Controller")[m[Kâ€™, which is of non-class type â€˜[01m[Kconst char [34][m[Kâ€™
[11.783s]   375 |         [01;31m[KRCLCPP_INFO[m[K("Started Pi Car Stepper Controller");
[11.783s]       |         [01;31m[K^~~~~~~~~~~[m[K
[11.783s] [01m[K/home/graham/ros2_ws/src/car_s/src/pi_car_s_controller.cpp:375:9:[m[K [01;31m[Kerror: [m[Krequest for member â€˜[01m[Kget_name[m[Kâ€™ in â€˜[01m[K("Started Pi Car Stepper Controller")[m[Kâ€™, which is of non-class type â€˜[01m[Kconst char [34][m[Kâ€™
[11.784s]   375 |         [01;31m[KRCLCPP_INFO[m[K("Started Pi Car Stepper Controller");
[11.784s]       |         [01;31m[K^~~~~~~~~~~[m[K
[11.787s] [01m[K/home/graham/ros2_ws/src/car_s/src/pi_car_s_controller.cpp:375:9:[m[K [01;31m[Kerror: [m[Kexpected primary-expression before â€˜[01m[K)[m[Kâ€™ token
[11.787s]   375 |         [01;31m[KRCLCPP_INFO[m[K("Started Pi Car Stepper Controller");
[11.787s]       |         [01;31m[K^~~~~~~~~~~[m[K
[11.787s] [01m[K/home/graham/ros2_ws/src/car_s/src/pi_car_s_controller.cpp:376:17:[m[K [01;31m[Kerror: [m[Kâ€˜[01m[KNodeHandle[m[Kâ€™ is not a member of â€˜[01m[Krclcpp[m[Kâ€™
[11.788s]   376 |         rclcpp::[01;31m[KNodeHandle[m[K nh;
[11.788s]       |                 [01;31m[K^~~~~~~~~~[m[K
[11.788s] [01m[K/home/graham/ros2_ws/src/car_s/src/pi_car_s_controller.cpp:404:17:[m[K [01;31m[Kerror: [m[Kâ€˜[01m[KSubscriber[m[Kâ€™ is not a member of â€˜[01m[Krclcpp[m[Kâ€™
[11.788s]   404 |         rclcpp::[01;31m[KSubscriber[m[K sub_velocity = nh.subscribe(TOPIC_CMD_VEL,2,velocity_callback);
[11.788s]       |                 [01;31m[K^~~~~~~~~~[m[K
[11.789s] [01m[K/home/graham/ros2_ws/src/car_s/src/pi_car_s_controller.cpp:405:17:[m[K [01;31m[Kerror: [m[Kâ€˜[01m[KSubscriber[m[Kâ€™ is not a member of â€˜[01m[Krclcpp[m[Kâ€™
[11.790s]   405 |         rclcpp::[01;31m[KSubscriber[m[K sub_motor = nh.subscribe(TOPIC_MOTOR,1,motor_callback);
[11.791s]       |                 [01;31m[K^~~~~~~~~~[m[K
[11.791s] [01m[K/home/graham/ros2_ws/src/car_s/src/pi_car_s_controller.cpp:406:17:[m[K [01;31m[Kerror: [m[Kâ€˜[01m[KSubscriber[m[Kâ€™ is not a member of â€˜[01m[Krclcpp[m[Kâ€™
[11.792s]   406 |         rclcpp::[01;31m[KSubscriber[m[K sub_motor_mode = nh.subscribe(TOPIC_MODE,1,motor_mode_callback);
[11.792s]       |                 [01;31m[K^~~~~~~~~~[m[K
[11.793s] [01m[K/home/graham/ros2_ws/src/car_s/src/pi_car_s_controller.cpp:407:17:[m[K [01;31m[Kerror: [m[Kâ€˜[01m[KSubscriber[m[Kâ€™ is not a member of â€˜[01m[Krclcpp[m[Kâ€™
[11.794s]   407 |         rclcpp::[01;31m[KSubscriber[m[K sub_set_steps = nh.subscribe(TOPIC_STEPS,1,steps_callback);
[11.794s]       |                 [01;31m[K^~~~~~~~~~[m[K
[11.795s] [01m[K/home/graham/ros2_ws/src/car_s/src/pi_car_s_controller.cpp:408:17:[m[K [01;31m[Kerror: [m[Kâ€˜[01m[KSubscriber[m[Kâ€™ is not a member of â€˜[01m[Krclcpp[m[Kâ€™
[11.796s]   408 |         rclcpp::[01;31m[KSubscriber[m[K sub_set_freq = nh.subscribe(TOPIC_FREQ,1,freq_callback);
[11.797s]       |                 [01;31m[K^~~~~~~~~~[m[K
[11.797s] [01m[K/home/graham/ros2_ws/src/car_s/src/pi_car_s_controller.cpp:409:9:[m[K [01;31m[Kerror: [m[Kâ€˜[01m[Kmessage_timeout[m[Kâ€™ was not declared in this scope
[11.798s]   409 |         [01;31m[Kmessage_timeout[m[K = nh.createTimer(rclcpp::Duration(MESSAGE_TIMOUT), message_timeout_callback);
[11.798s]       |         [01;31m[K^~~~~~~~~~~~~~~[m[K
[11.798s] [01m[K/home/graham/ros2_ws/src/car_s/src/pi_car_s_controller.cpp:409:27:[m[K [01;31m[Kerror: [m[Kâ€˜[01m[Knh[m[Kâ€™ was not declared in this scope
[11.799s]   409 |         message_timeout = [01;31m[Knh[m[K.createTimer(rclcpp::Duration(MESSAGE_TIMOUT), message_timeout_callback);
[11.799s]       |                           [01;31m[K^~[m[K
[11.799s] [01m[K/home/graham/ros2_ws/src/car_s/src/pi_car_s_controller.cpp:409:73:[m[K [01;31m[Kerror: [m[Kno matching function for call to â€˜[01m[Krclcpp::Duration::Duration(double)[m[Kâ€™
[11.802s]   409 |         message_timeout = nh.createTimer(rclcpp::Duration(MESSAGE_TIMOUT[01;31m[K)[m[K, message_timeout_callback);
[11.802s]       |                                                                         [01;31m[K^[m[K
[11.802s] [01m[K/opt/ros/jazzy/include/rclcpp/rclcpp/duration.hpp:49:3:[m[K [01;36m[Knote: [m[Kcandidate: â€˜[01m[Ktemplate<class Rep, class Period> rclcpp::Duration::[01;32m[KDuration[m[K(const std::chrono::duration<_Rep1, _Period1>&)[m[Kâ€™
[11.802s]    49 |   [01;36m[KDuration[m[K(const std::chrono::duration<Rep, Period> & duration)  // NOLINT(runtime/explicit)
[11.802s]       |   [01;36m[K^~~~~~~~[m[K
[11.803s] [01m[K/opt/ros/jazzy/include/rclcpp/rclcpp/duration.hpp:49:3:[m[K [01;36m[Knote: [m[K  template argument deduction/substitution failed:
[11.803s] [01m[K/home/graham/ros2_ws/src/car_s/src/pi_car_s_controller.cpp:409:73:[m[K [01;36m[Knote: [m[K  mismatched types â€˜[01m[Kconst std::chrono::duration<_Rep1, _Period1>[m[Kâ€™ and â€˜[01m[Kdouble[m[Kâ€™
[11.803s]   409 |         message_timeout = nh.createTimer(rclcpp::Duration(MESSAGE_TIMOUT[01;36m[K)[m[K, message_timeout_callback);
[11.803s]       |                                                                         [01;36m[K^[m[K
[11.805s] [01m[K/opt/ros/jazzy/include/rclcpp/rclcpp/duration.hpp:159:3:[m[K [01;36m[Knote: [m[Kcandidate: â€˜[01m[Krclcpp::Duration::[01;32m[KDuration[m[K()[m[Kâ€™
[11.805s]   159 |   [01;36m[KDuration[m[K() = default;
[11.805s]       |   [01;36m[K^~~~~~~~[m[K
[11.805s] [01m[K/opt/ros/jazzy/include/rclcpp/rclcpp/duration.hpp:159:3:[m[K [01;36m[Knote: [m[K  candidate expects 0 arguments, 1 provided
[11.806s] [01m[K/opt/ros/jazzy/include/rclcpp/rclcpp/duration.hpp:62:3:[m[K [01;36m[Knote: [m[Kcandidate: â€˜[01m[Krclcpp::Duration::[01;32m[KDuration[m[K(const rclcpp::Duration&)[m[Kâ€™
[11.806s]    62 |   [01;36m[KDuration[m[K(const Duration & rhs);
[11.806s]       |   [01;36m[K^~~~~~~~[m[K
[11.806s] [01m[K/opt/ros/jazzy/include/rclcpp/rclcpp/duration.hpp:62:29:[m[K [01;36m[Knote: [m[K  no known conversion for argument 1 from â€˜[01m[Kdouble[m[Kâ€™ to â€˜[01m[Kconst rclcpp::Duration&[m[Kâ€™
[11.806s]    62 |   Duration([01;36m[Kconst Duration & rhs[m[K);
[11.807s]       |            [01;36m[K~~~~~~~~~~~~~~~~~^~~[m[K
[11.807s] [01m[K/opt/ros/jazzy/include/rclcpp/rclcpp/duration.hpp:60:12:[m[K [01;36m[Knote: [m[Kcandidate: â€˜[01m[Krclcpp::Duration::[01;32m[KDuration[m[K(const rcl_duration_t&)[m[Kâ€™
[11.808s]    60 |   explicit [01;36m[KDuration[m[K(const rcl_duration_t & duration);
[11.808s]       |            [01;36m[K^~~~~~~~[m[K
[11.808s] [01m[K/opt/ros/jazzy/include/rclcpp/rclcpp/duration.hpp:60:44:[m[K [01;36m[Knote: [m[K  no known conversion for argument 1 from â€˜[01m[Kdouble[m[Kâ€™ to â€˜[01m[Kconst rcl_duration_t&[m[Kâ€™ {aka â€˜[01m[Kconst rcl_duration_s&[m[Kâ€™}
[11.808s]    60 |   explicit Duration([01;36m[Kconst rcl_duration_t & duration[m[K);
[11.809s]       |                     [01;36m[K~~~~~~~~~~~~~~~~~~~~~~~^~~~~~~~[m[K
[11.810s] [01m[K/opt/ros/jazzy/include/rclcpp/rclcpp/duration.hpp:54:3:[m[K [01;36m[Knote: [m[Kcandidate: â€˜[01m[Krclcpp::Duration::[01;32m[KDuration[m[K(const builtin_interfaces::msg::Duration&)[m[Kâ€™
[11.811s]    54 |   [01;36m[KDuration[m[K(const builtin_interfaces::msg::Duration & duration_msg);  // NOLINT(runtime/explicit)
[11.812s]       |   [01;36m[K^~~~~~~~[m[K
[11.812s] [01m[K/opt/ros/jazzy/include/rclcpp/rclcpp/duration.hpp:54:54:[m[K [01;36m[Knote: [m[K  no known conversion for argument 1 from â€˜[01m[Kdouble[m[Kâ€™ to â€˜[01m[Kconst builtin_interfaces::msg::Duration&[m[Kâ€™ {aka â€˜[01m[Kconst builtin_interfaces::msg::Duration_<std::allocator<void> >&[m[Kâ€™}
[11.812s]    54 |   Duration([01;36m[Kconst builtin_interfaces::msg::Duration & duration_msg[m[K);  // NOLINT(runtime/explicit)
[11.813s]       |            [01;36m[K~~~~~~~~~~~~~~~~~~~~~~~~~~~~~~~~~~~~~~~~~~^~~~~~~~~~~~[m[K
[11.813s] [01m[K/opt/ros/jazzy/include/rclcpp/rclcpp/duration.hpp:43:12:[m[K [01;36m[Knote: [m[Kcandidate: â€˜[01m[Krclcpp::Duration::[01;32m[KDuration[m[K(std::chrono::nanoseconds)[m[Kâ€™
[11.813s]    43 |   explicit [01;36m[KDuration[m[K(std::chrono::nanoseconds nanoseconds);
[11.813s]       |            [01;36m[K^~~~~~~~[m[K
[11.813s] [01m[K/opt/ros/jazzy/include/rclcpp/rclcpp/duration.hpp:43:46:[m[K [01;36m[Knote: [m[K  no known conversion for argument 1 from â€˜[01m[Kdouble[m[Kâ€™ to â€˜[01m[Kstd::chrono::nanoseconds[m[Kâ€™ {aka â€˜[01m[Kstd::chrono::duration<long int, std::ratio<1, 1000000000> >[m[Kâ€™}
[11.813s]    43 |   explicit Duration([01;36m[Kstd::chrono::nanoseconds nanoseconds[m[K);
[11.814s]       |                     [01;36m[K~~~~~~~~~~~~~~~~~~~~~~~~~^~~~~~~~~~~[m[K
[11.814s] [01m[K/opt/ros/jazzy/include/rclcpp/rclcpp/duration.hpp:40:3:[m[K [01;36m[Knote: [m[Kcandidate: â€˜[01m[Krclcpp::Duration::[01;32m[KDuration[m[K(int32_t, uint32_t)[m[Kâ€™
[11.814s]    40 |   [01;36m[KDuration[m[K(int32_t seconds, uint32_t nanoseconds);
[11.814s]       |   [01;36m[K^~~~~~~~[m[K
[11.814s] [01m[K/opt/ros/jazzy/include/rclcpp/rclcpp/duration.hpp:40:3:[m[K [01;36m[Knote: [m[K  candidate expects 2 arguments, 1 provided
[11.814s] [01m[K/home/graham/ros2_ws/src/car_s/src/pi_car_s_controller.cpp:410:17:[m[K [01;31m[Kerror: [m[Kâ€˜[01m[KTimer[m[Kâ€™ is not a member of â€˜[01m[Krclcpp[m[Kâ€™; did you mean â€˜[01m[KTime[m[Kâ€™?
[11.815s]   410 |         rclcpp::[01;31m[KTimer[m[K odom_timer = nh.createTimer(rclcpp::Duration(ODOM_TIMOUT), odom_timer_callback);
[11.815s]       |                 [01;31m[K^~~~~[m[K
[11.815s]       |                 [32m[KTime[m[K
[11.815s] [01m[K/home/graham/ros2_ws/src/car_s/src/pi_car_s_controller.cpp:411:17:[m[K [01;31m[Kerror: [m[Kâ€˜[01m[KTimer[m[Kâ€™ is not a member of â€˜[01m[Krclcpp[m[Kâ€™; did you mean â€˜[01m[KTime[m[Kâ€™?
[11.816s]   411 |         rclcpp::[01;31m[KTimer[m[K LED_timer = nh.createTimer(rclcpp::Duration(LED_FLASH_TIMER), LED_timer_callback);
[11.816s]       |                 [01;31m[K^~~~~[m[K
[11.816s]       |                 [32m[KTime[m[K
[11.816s] [01m[K/home/graham/ros2_ws/src/car_s/src/pi_car_s_controller.cpp:412:43:[m[K [01;31m[Kerror: [m[Kâ€˜[01m[KOdometry[m[Kâ€™ is not a member of â€˜[01m[Knav_msgs[m[Kâ€™; did you mean â€˜[01m[Knav_msgs::msg::Odometry[m[Kâ€™?
[11.816s]   412 |         odom_pub = nh.advertise<nav_msgs::[01;31m[KOdometry[m[K>("odom", 50);
[11.819s]       |                                           [01;31m[K^~~~~~~~[m[K
[11.820s] [01m[K/opt/ros/jazzy/include/nav_msgs/nav_msgs/msg/detail/odometry__struct.hpp:175:7:[m[K [01;36m[Knote: [m[Kâ€˜[01m[Knav_msgs::msg::Odometry[m[Kâ€™ declared here
[11.820s]   175 | using [01;36m[KOdometry[m[K =
[11.820s]       |       [01;36m[K^~~~~~~~[m[K
[11.820s] [01m[K/home/graham/ros2_ws/src/car_s/src/pi_car_s_controller.cpp:412:53:[m[K [01;35m[Kwarning: [m[Kleft operand of comma operator has no effect [[01;35m[K]8;;https://gcc.gnu.org/onlinedocs/gcc/Warning-Options.html#index-Wunused-value-Wunused-value]8;;[m[K]
[11.821s]   412 |         odom_pub = nh.advertise<nav_msgs::Odometry>([01;35m[K"odom"[m[K, 50);
[11.821s]       |                                                     [01;35m[K^~~~~~[m[K
[11.821s] [01m[K/home/graham/ros2_ws/src/car_s/src/pi_car_s_controller.cpp:413:49:[m[K [01;31m[Kerror: [m[Kâ€˜[01m[KFloat32[m[Kâ€™ is not a member of â€˜[01m[Kstd_msgs[m[Kâ€™; did you mean â€˜[01m[Kstd_msgs::msg::Float32[m[Kâ€™?
[11.822s]   413 |         left_speed_pub = nh.advertise<std_msgs::[01;31m[KFloat32[m[K>(TOPIC_LEFT_SPEED, 2);
[11.827s]       |                                                 [01;31m[K^~~~~~~[m[K
[11.827s] [01m[K/opt/ros/jazzy/include/std_msgs/std_msgs/msg/detail/float32__struct.hpp:125:7:[m[K [01;36m[Knote: [m[Kâ€˜[01m[Kstd_msgs::msg::Float32[m[Kâ€™ declared here
[11.828s]   125 | using [01;36m[KFloat32[m[K =
[11.828s]       |       [01;36m[K^~~~~~~[m[K
[11.836s] [01m[K/home/graham/ros2_ws/src/car_s/src/pi_car_s_controller.cpp:82:26:[m[K [01;35m[Kwarning: [m[Kleft operand of comma operator has no effect [[01;35m[K]8;;https://gcc.gnu.org/onlinedocs/gcc/Warning-Options.html#index-Wunused-value-Wunused-value]8;;[m[K]
[11.836s]    82 | #define TOPIC_LEFT_SPEED [01;35m[K"left_speed"[m[K
[11.844s]       |                          [01;35m[K^~~~~~~~~~~~[m[K
[11.850s] [01m[K/home/graham/ros2_ws/src/car_s/src/pi_car_s_controller.cpp:413:58:[m[K [01;36m[Knote: [m[Kin expansion of macro â€˜[01m[KTOPIC_LEFT_SPEED[m[Kâ€™
[11.854s]   413 |         left_speed_pub = nh.advertise<std_msgs::Float32>([01;36m[KTOPIC_LEFT_SPEED[m[K, 2);
[11.854s]       |                                                          [01;36m[K^~~~~~~~~~~~~~~~[m[K
[11.855s] [01m[K/home/graham/ros2_ws/src/car_s/src/pi_car_s_controller.cpp:414:50:[m[K [01;31m[Kerror: [m[Kâ€˜[01m[KFloat32[m[Kâ€™ is not a member of â€˜[01m[Kstd_msgs[m[Kâ€™; did you mean â€˜[01m[Kstd_msgs::msg::Float32[m[Kâ€™?
[11.855s]   414 |         right_speed_pub = nh.advertise<std_msgs::[01;31m[KFloat32[m[K>(TOPIC_RIGHT_SPEED, 2);
[11.855s]       |                                                  [01;31m[K^~~~~~~[m[K
[11.856s] [01m[K/opt/ros/jazzy/include/std_msgs/std_msgs/msg/detail/float32__struct.hpp:125:7:[m[K [01;36m[Knote: [m[Kâ€˜[01m[Kstd_msgs::msg::Float32[m[Kâ€™ declared here
[11.856s]   125 | using [01;36m[KFloat32[m[K =
[11.856s]       |       [01;36m[K^~~~~~~[m[K
[11.856s] [01m[K/home/graham/ros2_ws/src/car_s/src/pi_car_s_controller.cpp:83:27:[m[K [01;35m[Kwarning: [m[Kleft operand of comma operator has no effect [[01;35m[K]8;;https://gcc.gnu.org/onlinedocs/gcc/Warning-Options.html#index-Wunused-value-Wunused-value]8;;[m[K]
[11.858s]    83 | #define TOPIC_RIGHT_SPEED [01;35m[K"right_speed"[m[K
[11.858s]       |                           [01;35m[K^~~~~~~~~~~~~[m[K
[11.860s] [01m[K/home/graham/ros2_ws/src/car_s/src/pi_car_s_controller.cpp:414:59:[m[K [01;36m[Knote: [m[Kin expansion of macro â€˜[01m[KTOPIC_RIGHT_SPEED[m[Kâ€™
[11.860s]   414 |         right_speed_pub = nh.advertise<std_msgs::Float32>([01;36m[KTOPIC_RIGHT_SPEED[m[K, 2);
[11.860s]       |                                                           [01;36m[K^~~~~~~~~~~~~~~~~[m[K
[11.860s] [01m[K/home/graham/ros2_ws/src/car_s/src/pi_car_s_controller.cpp:415:44:[m[K [01;31m[Kerror: [m[Kâ€˜[01m[KFloat32[m[Kâ€™ is not a member of â€˜[01m[Kstd_msgs[m[Kâ€™; did you mean â€˜[01m[Kstd_msgs::msg::Float32[m[Kâ€™?
[11.869s]   415 |         angle_pub = nh.advertise<std_msgs::[01;31m[KFloat32[m[K>(TOPIC_ANGLE, 2);
[11.870s]       |                                            [01;31m[K^~~~~~~[m[K
[11.870s] [01m[K/opt/ros/jazzy/include/std_msgs/std_msgs/msg/detail/float32__struct.hpp:125:7:[m[K [01;36m[Knote: [m[Kâ€˜[01m[Kstd_msgs::msg::Float32[m[Kâ€™ declared here
[11.870s]   125 | using [01;36m[KFloat32[m[K =
[11.870s]       |       [01;36m[K^~~~~~~[m[K
[11.870s] [01m[K/home/graham/ros2_ws/src/car_s/src/pi_car_s_controller.cpp:85:21:[m[K [01;35m[Kwarning: [m[Kleft operand of comma operator has no effect [[01;35m[K]8;;https://gcc.gnu.org/onlinedocs/gcc/Warning-Options.html#index-Wunused-value-Wunused-value]8;;[m[K]
[11.871s]    85 | #define TOPIC_ANGLE [01;35m[K"angle"[m[K
[11.871s]       |                     [01;35m[K^~~~~~~[m[K
[11.873s] [01m[K/home/graham/ros2_ws/src/car_s/src/pi_car_s_controller.cpp:415:53:[m[K [01;36m[Knote: [m[Kin expansion of macro â€˜[01m[KTOPIC_ANGLE[m[Kâ€™
[11.873s]   415 |         angle_pub = nh.advertise<std_msgs::Float32>([01;36m[KTOPIC_ANGLE[m[K, 2);
[11.874s]       |                                                     [01;36m[K^~~~~~~~~~~[m[K
[11.874s] [01m[K/home/graham/ros2_ws/src/car_s/src/pi_car_s_controller.cpp:416:9:[m[K [01;31m[Kerror: [m[Kâ€˜[01m[Kodom_broadcaster[m[Kâ€™ was not declared in this scope
[11.875s]   416 |         [01;31m[Kodom_broadcaster[m[K = new tf::TransformBroadcaster;
[11.881s]       |         [01;31m[K^~~~~~~~~~~~~~~~[m[K
[11.881s] [01m[K/home/graham/ros2_ws/src/car_s/src/pi_car_s_controller.cpp:416:32:[m[K [01;31m[Kerror: [m[Kâ€˜[01m[Ktf[m[Kâ€™ does not name a type; did you mean â€˜[01m[Ktm[m[Kâ€™?
[11.881s]   416 |         odom_broadcaster = new [01;31m[Ktf[m[K::TransformBroadcaster;
[11.882s]       |                                [01;31m[K^~[m[K
[11.882s]       |                                [32m[Ktm[m[K
[11.882s] [01m[K/home/graham/ros2_ws/src/car_s/src/pi_car_s_controller.cpp:418:41:[m[K [01;31m[Kerror: [m[Kâ€˜[01m[KRISING_EDGE[m[Kâ€™ was not declared in this scope
[11.882s]   418 |         callback(pi,LEFT_FRONT_STEP_PIN,[01;31m[KRISING_EDGE[m[K,left_speed_callback);
[11.885s]       |                                         [01;31m[K^~~~~~~~~~~[m[K
[11.886s] [01m[K/home/graham/ros2_ws/src/car_s/src/pi_car_s_controller.cpp:418:9:[m[K [01;31m[Kerror: [m[Kâ€˜[01m[Kcallback[m[Kâ€™ was not declared in this scope; did you mean â€˜[01m[Kcalloc[m[Kâ€™?
[11.886s]   418 |         [01;31m[Kcallback[m[K(pi,LEFT_FRONT_STEP_PIN,RISING_EDGE,left_speed_callback);
[11.886s]       |         [01;31m[K^~~~~~~~[m[K
[11.886s]       |         [32m[Kcalloc[m[K
[11.887s] [01m[K/home/graham/ros2_ws/src/car_s/src/pi_car_s_controller.cpp:423:21:[m[K [01;31m[Kerror: [m[Kno matching function for call to â€˜[01m[Kspin()[m[Kâ€™
[11.887s]   423 |         [01;31m[Krclcpp::spin()[m[K;
[11.887s]       |         [01;31m[K~~~~~~~~~~~~^~[m[K
[11.889s] [01m[K/opt/ros/jazzy/include/rclcpp/rclcpp/executors.hpp:58:1:[m[K [01;36m[Knote: [m[Kcandidate: â€˜[01m[Kvoid rclcpp::[01;32m[Kspin[m[K(node_interfaces::NodeBaseInterface::SharedPtr)[m[Kâ€™
[11.890s]    58 | [01;36m[Kspin[m[K(rclcpp::node_interfaces::NodeBaseInterface::SharedPtr node_ptr);
[11.891s]       | [01;36m[K^~~~[m[K
[11.897s] [01m[K/opt/ros/jazzy/include/rclcpp/rclcpp/executors.hpp:58:1:[m[K [01;36m[Knote: [m[K  candidate expects 1 argument, 0 provided
[11.898s] [01m[K/opt/ros/jazzy/include/rclcpp/rclcpp/executors.hpp:62:1:[m[K [01;36m[Knote: [m[Kcandidate: â€˜[01m[Kvoid rclcpp::[01;32m[Kspin[m[K(Node::SharedPtr)[m[Kâ€™
[11.898s]    62 | [01;36m[Kspin[m[K(rclcpp::Node::SharedPtr node_ptr);
[11.898s]       | [01;36m[K^~~~[m[K
[11.898s] [01m[K/opt/ros/jazzy/include/rclcpp/rclcpp/executors.hpp:62:1:[m[K [01;36m[Knote: [m[K  candidate expects 1 argument, 0 provided
[13.930s] [01m[K/home/graham/ros2_ws/src/car_s/src/pi_car_s_controller.cpp:[m[K At global scope:
[13.930s] [01m[K/home/graham/ros2_ws/src/car_s/src/pi_car_s_controller.cpp:230:13:[m[K [01;35m[Kwarning: [m[Kâ€˜[01m[Kvoid[01;32m[K right_speed_callback[m[K(int, uint32_t, uint32_t, uint32_t)[m[Kâ€™ defined but not used [[01;35m[K]8;;https://gcc.gnu.org/onlinedocs/gcc/Warning-Options.html#index-Wunused-function-Wunused-function]8;;[m[K]
[13.930s]   230 | static void [01;35m[Kright_speed_callback[m[K(int pi,uint32_t gpio, uint32_t level, uint32_t tick){
[13.930s]       |             [01;35m[K^~~~~~~~~~~~~~~~~~~~[m[K
[13.930s] [01m[K/home/graham/ros2_ws/src/car_s/src/pi_car_s_controller.cpp:225:13:[m[K [01;35m[Kwarning: [m[Kâ€˜[01m[Kvoid[01;32m[K left_speed_callback[m[K(int, uint32_t, uint32_t, uint32_t)[m[Kâ€™ defined but not used [[01;35m[K]8;;https://gcc.gnu.org/onlinedocs/gcc/Warning-Options.html#index-Wunused-function-Wunused-function]8;;[m[K]
[13.931s]   225 | static void [01;35m[Kleft_speed_callback[m[K(int pi,uint32_t gpio, uint32_t level, uint32_t tick){
[13.931s]       |             [01;35m[K^~~~~~~~~~~~~~~~~~~[m[K
[13.976s] gmake[2]: *** [CMakeFiles/car_s_controller.dir/build.make:76: CMakeFiles/car_s_controller.dir/src/pi_car_s_controller.cpp.o] Error 1
[13.977s] gmake[1]: *** [CMakeFiles/Makefile2:137: CMakeFiles/car_s_controller.dir/all] Error 2
[13.977s] gmake: *** [Makefile:146: all] Error 2
[13.983s] Invoked command in '/home/graham/ros2_ws/src/car_s/build/car_s' returned '2': CMAKE_PREFIX_PATH=${CMAKE_PREFIX_PATH}:/opt/ros/jazzy DEBUGINFOD_URLS=https://debuginfod.ubuntu.com /usr/bin/cmake --build /home/graham/ros2_ws/src/car_s/build/car_s -- -j4 -l4
